<?xml version="1.0" encoding="UTF-8"?>
<!-- Generated by org.testng.reporters.JUnitReportReporter -->
<testsuite skipped="0" hostname="C40SF46MALBERT" name="TestingThings.ChromeRun" tests="2" failures="0" timestamp="11 Jan 2019 12:08:16 GMT" time="16.278" errors="0">
  <testcase name="f2" time="7.451" classname="TestingThings.ChromeRun"/>
  <testcase name="f1" time="8.827" classname="TestingThings.ChromeRun"/>
</testsuite> <!-- TestingThings.ChromeRun -->
