<?xml version="1.0" encoding="UTF-8"?>
<!-- Generated by org.testng.reporters.JUnitReportReporter -->
<testsuite skipped="0" hostname="C40SF46MALBERT" name="TestingThings.IERun" tests="2" failures="0" timestamp="11 Jan 2019 12:08:17 GMT" time="8.727" errors="0">
  <testcase name="f2" time="4.869" classname="TestingThings.IERun"/>
  <testcase name="f1" time="3.858" classname="TestingThings.IERun"/>
</testsuite> <!-- TestingThings.IERun -->
