<?xml version="1.0" encoding="UTF-8"?>
<!-- Generated by org.testng.reporters.JUnitReportReporter -->
<testsuite skipped="0" hostname="C40SF46MALBERT" name="com.mal.scripts.NewTest" tests="1" failures="0" timestamp="10 Dec 2018 07:45:22 GMT" time="14.695" errors="0">
  <testcase name="f" time="14.695" classname="com.mal.scripts.NewTest"/>
</testsuite> <!-- com.mal.scripts.NewTest -->
